{"E:\\projects\\A_lib\\tree-util\\src\\tree-util.js": {"path":"E:\\projects\\A_lib\\tree-util\\src\\tree-util.js","statementMap":{"0":{"start":{"line":13,"column":15},"end":{"line":42,"column":1}},"1":{"start":{"line":15,"column":4},"end":{"line":39,"column":5}},"2":{"start":{"line":16,"column":8},"end":{"line":21,"column":9}},"3":{"start":{"line":17,"column":12},"end":{"line":19,"column":13}},"4":{"start":{"line":18,"column":16},"end":{"line":18,"column":27}},"5":{"start":{"line":20,"column":12},"end":{"line":20,"column":29}},"6":{"start":{"line":23,"column":8},"end":{"line":31,"column":9}},"7":{"start":{"line":24,"column":22},"end":{"line":24,"column":53}},"8":{"start":{"line":26,"column":12},"end":{"line":30,"column":13}},"9":{"start":{"line":27,"column":16},"end":{"line":27,"column":40}},"10":{"start":{"line":29,"column":16},"end":{"line":29,"column":24}},"11":{"start":{"line":33,"column":8},"end":{"line":38,"column":9}},"12":{"start":{"line":34,"column":22},"end":{"line":34,"column":112}},"13":{"start":{"line":35,"column":12},"end":{"line":37,"column":13}},"14":{"start":{"line":36,"column":16},"end":{"line":36,"column":24}},"15":{"start":{"line":41,"column":4},"end":{"line":41,"column":57}},"16":{"start":{"line":50,"column":26},"end":{"line":56,"column":1}},"17":{"start":{"line":52,"column":4},"end":{"line":55,"column":6}},"18":{"start":{"line":64,"column":31},"end":{"line":70,"column":1}},"19":{"start":{"line":66,"column":4},"end":{"line":69,"column":6}},"20":{"start":{"line":79,"column":25},"end":{"line":86,"column":1}},"21":{"start":{"line":81,"column":4},"end":{"line":84,"column":6}}},"fnMap":{"0":{"name":"(anonymous_0)","decl":{"start":{"line":13,"column":15},"end":{"line":13,"column":16}},"loc":{"start":{"line":13,"column":115},"end":{"line":42,"column":1}},"line":13},"1":{"name":"(anonymous_1)","decl":{"start":{"line":50,"column":26},"end":{"line":50,"column":27}},"loc":{"start":{"line":50,"column":63},"end":{"line":56,"column":1}},"line":50},"2":{"name":"(anonymous_2)","decl":{"start":{"line":64,"column":31},"end":{"line":64,"column":32}},"loc":{"start":{"line":64,"column":68},"end":{"line":70,"column":1}},"line":64},"3":{"name":"(anonymous_3)","decl":{"start":{"line":79,"column":25},"end":{"line":79,"column":26}},"loc":{"start":{"line":79,"column":62},"end":{"line":86,"column":1}},"line":79}},"branchMap":{"0":{"loc":{"start":{"line":13,"column":39},"end":{"line":13,"column":63}},"type":"default-arg","locations":[{"start":{"line":13,"column":53},"end":{"line":13,"column":63}}],"line":13},"1":{"loc":{"start":{"line":13,"column":73},"end":{"line":13,"column":82}},"type":"default-arg","locations":[{"start":{"line":13,"column":81},"end":{"line":13,"column":82}}],"line":13},"2":{"loc":{"start":{"line":13,"column":92},"end":{"line":13,"column":113}},"type":"default-arg","locations":[{"start":{"line":13,"column":111},"end":{"line":13,"column":113}}],"line":13},"3":{"loc":{"start":{"line":16,"column":8},"end":{"line":21,"column":9}},"type":"if","locations":[{"start":{"line":16,"column":8},"end":{"line":21,"column":9}},{"start":{},"end":{}}],"line":16},"4":{"loc":{"start":{"line":17,"column":12},"end":{"line":19,"column":13}},"type":"if","locations":[{"start":{"line":17,"column":12},"end":{"line":19,"column":13}},{"start":{},"end":{}}],"line":17},"5":{"loc":{"start":{"line":23,"column":8},"end":{"line":31,"column":9}},"type":"if","locations":[{"start":{"line":23,"column":8},"end":{"line":31,"column":9}},{"start":{},"end":{}}],"line":23},"6":{"loc":{"start":{"line":24,"column":22},"end":{"line":24,"column":53}},"type":"cond-expr","locations":[{"start":{"line":24,"column":40},"end":{"line":24,"column":44}},{"start":{"line":24,"column":47},"end":{"line":24,"column":53}}],"line":24},"7":{"loc":{"start":{"line":26,"column":12},"end":{"line":30,"column":13}},"type":"if","locations":[{"start":{"line":26,"column":12},"end":{"line":30,"column":13}},{"start":{"line":28,"column":18},"end":{"line":30,"column":13}}],"line":26},"8":{"loc":{"start":{"line":33,"column":8},"end":{"line":38,"column":9}},"type":"if","locations":[{"start":{"line":33,"column":8},"end":{"line":38,"column":9}},{"start":{},"end":{}}],"line":33},"9":{"loc":{"start":{"line":33,"column":11},"end":{"line":33,"column":62}},"type":"binary-expr","locations":[{"start":{"line":33,"column":11},"end":{"line":33,"column":30}},{"start":{"line":33,"column":34},"end":{"line":33,"column":62}}],"line":33},"10":{"loc":{"start":{"line":35,"column":12},"end":{"line":37,"column":13}},"type":"if","locations":[{"start":{"line":35,"column":12},"end":{"line":37,"column":13}},{"start":{},"end":{}}],"line":35},"11":{"loc":{"start":{"line":35,"column":15},"end":{"line":35,"column":38}},"type":"binary-expr","locations":[{"start":{"line":35,"column":15},"end":{"line":35,"column":31}},{"start":{"line":35,"column":35},"end":{"line":35,"column":38}}],"line":35},"12":{"loc":{"start":{"line":41,"column":11},"end":{"line":41,"column":57}},"type":"cond-expr","locations":[{"start":{"line":41,"column":29},"end":{"line":41,"column":45}},{"start":{"line":41,"column":48},"end":{"line":41,"column":57}}],"line":41}},"s":{"0":1,"1":21,"2":25,"3":8,"4":3,"5":8,"6":25,"7":12,"8":12,"9":8,"10":4,"11":21,"12":15,"13":15,"14":5,"15":12,"16":1,"17":2,"18":1,"19":2,"20":1,"21":2},"f":{"0":21,"1":2,"2":2,"3":2},"b":{"0":[6],"1":[6],"2":[6],"3":[8,17],"4":[3,5],"5":[12,13],"6":[10,2],"7":[8,4],"8":[15,6],"9":[21,15],"10":[5,10],"11":[15,9],"12":[8,4]},"_coverageSchema":"1a1c01bbd47fc00a2c39e90264f33305004495a9","hash":"630b23d089198c69a8cec09fe294a9204949c9a1"}
}
