TN:
SF:src\tree-util.js
FN:13,(anonymous_0)
FN:50,(anonymous_1)
FN:64,(anonymous_2)
FN:79,(anonymous_3)
FNF:4
FNH:4
FNDA:21,(anonymous_0)
FNDA:2,(anonymous_1)
FNDA:2,(anonymous_2)
FNDA:2,(anonymous_3)
DA:13,1
DA:15,21
DA:16,25
DA:17,8
DA:18,3
DA:20,8
DA:23,25
DA:24,12
DA:26,12
DA:27,8
DA:29,4
DA:33,21
DA:34,15
DA:35,15
DA:36,5
DA:41,12
DA:50,1
DA:52,2
DA:64,1
DA:66,2
DA:79,1
DA:81,2
LF:22
LH:22
BRDA:13,0,0,6
BRDA:13,1,0,6
BRDA:13,2,0,6
BRDA:16,3,0,8
BRDA:16,3,1,17
BRDA:17,4,0,3
BRDA:17,4,1,5
BRDA:23,5,0,12
BRDA:23,5,1,13
BRDA:24,6,0,10
BRDA:24,6,1,2
BRDA:26,7,0,8
BRDA:26,7,1,4
BRDA:33,8,0,15
BRDA:33,8,1,6
BRDA:33,9,0,21
BRDA:33,9,1,15
BRDA:35,10,0,5
BRDA:35,10,1,10
BRDA:35,11,0,15
BRDA:35,11,1,9
BRDA:41,12,0,8
BRDA:41,12,1,4
BRF:23
BRH:23
end_of_record
